<?xml version="1.0" encoding="UTF-8"?>
<testng-results ignored="0" total="4" passed="4" failed="0" skipped="0">
  <reporter-output>
    <line>
      <![CDATA[<div "result">user navigates to facebook website (PASSED : 0s)</div>]]>
    </line>
    <line>
      <![CDATA[<div "result">user validates the homepage title (PASSED : 0s)</div>]]>
    </line>
    <line>
      <![CDATA[<div "result">user entered the &quot;valid&quot; username and &quot;valid&quot; password (PASSED : 0s)</div>]]>
    </line>
    <line>
      <![CDATA[<div "result">user selects age category (PASSED : 0s)</div>]]>
    </line>
    <line>
      <![CDATA[<div "result">user &quot;shouldbe&quot; sucessfully logged in (PASSED : 0s)</div>]]>
    </line>
    <line>
      <![CDATA[<div "result">user navigates to facebook website (PASSED : 0s)</div>]]>
    </line>
    <line>
      <![CDATA[<div "result">user validates the homepage title (PASSED : 0s)</div>]]>
    </line>
    <line>
      <![CDATA[<div "result">user entered the &quot;invalid&quot; username and &quot;invalid&quot; password (PASSED : 0s)</div>]]>
    </line>
    <line>
      <![CDATA[<div "result">user selects age category (PASSED : 0s)</div>]]>
    </line>
    <line>
      <![CDATA[<div "result">user &quot;shouldnotbe&quot; sucessfully logged in (PASSED : 0s)</div>]]>
    </line>
    <line>
      <![CDATA[<div "result">user navigates to facebook website (PASSED : 0s)</div>]]>
    </line>
    <line>
      <![CDATA[<div "result">user validates the homepage title (PASSED : 0s)</div>]]>
    </line>
    <line>
      <![CDATA[<div "result">user entered the &quot;valid&quot; username and &quot;valid&quot; password (PASSED : 0s)</div>]]>
    </line>
    <line>
      <![CDATA[<div "result">user validates the capcha image (PASSED : 0s)</div>]]>
    </line>
    <line>
      <![CDATA[<div "result">user &quot;shouldbe&quot; sucessfully logged in (PASSED : 0s)</div>]]>
    </line>
    <line>
      <![CDATA[<div "result">user navigates to facebook website (PASSED : 0s)</div>]]>
    </line>
    <line>
      <![CDATA[<div "result">user validates the homepage title (PASSED : 0s)</div>]]>
    </line>
    <line>
      <![CDATA[<div "result">user entered the &quot;invalid&quot; username and &quot;invalid&quot; password (PASSED : 0s)</div>]]>
    </line>
    <line>
      <![CDATA[<div "result">user validates the capcha image (PASSED : 0s)</div>]]>
    </line>
    <line>
      <![CDATA[<div "result">user &quot;shouldnotbe&quot; sucessfully logged in (PASSED : 0s)</div>]]>
    </line>
  </reporter-output>
  <suite started-at="2021-02-03T14:17:52 IST" name="Default suite" finished-at="2021-02-03T14:17:53 IST" duration-ms="1094">
    <groups>
      <group name="cucumber">
        <method signature="AbstractTestNGCucumberTests.runScenario(cucumber.api.testng.PickleEventWrapper, cucumber.api.testng.CucumberFeatureWrapper)[pri:0, instance:com.qtpselenium.cucumber.MyTestNGRunner@68e965f5]" name="runScenario" class="cucumber.api.testng.AbstractTestNGCucumberTests"/>
      </group> <!-- cucumber -->
    </groups>
    <test started-at="2021-02-03T14:17:52 IST" name="Default test" finished-at="2021-02-03T14:17:53 IST" duration-ms="1094">
      <class name="com.qtpselenium.cucumber.MyTestNGRunner">
        <test-method is-config="true" signature="setUpClass()[pri:0, instance:com.qtpselenium.cucumber.MyTestNGRunner@68e965f5]" started-at="2021-02-03T14:17:52 IST" name="setUpClass" finished-at="2021-02-03T14:17:52 IST" duration-ms="656" status="PASS">
          <reporter-output>
          </reporter-output>
        </test-method> <!-- setUpClass -->
        <test-method signature="runScenario(cucumber.api.testng.PickleEventWrapper, cucumber.api.testng.CucumberFeatureWrapper)[pri:0, instance:com.qtpselenium.cucumber.MyTestNGRunner@68e965f5]" started-at="2021-02-03T14:17:52 IST" name="runScenario" description="Runs Cucumber Scenarios" data-provider="scenarios" finished-at="2021-02-03T14:17:53 IST" duration-ms="40" status="PASS">
          <params>
            <param index="0">
              <value>
                <![CDATA["In order to login into facebook"]]>
              </value>
            </param>
            <param index="1">
              <value>
                <![CDATA["Login feature"]]>
              </value>
            </param>
          </params>
          <reporter-output>
            <line>
              <![CDATA[<div "result">user navigates to facebook website (PASSED : 0s)</div>]]>
            </line>
            <line>
              <![CDATA[<div "result">user validates the homepage title (PASSED : 0s)</div>]]>
            </line>
            <line>
              <![CDATA[<div "result">user entered the &quot;valid&quot; username and &quot;valid&quot; password (PASSED : 0s)</div>]]>
            </line>
            <line>
              <![CDATA[<div "result">user selects age category (PASSED : 0s)</div>]]>
            </line>
            <line>
              <![CDATA[<div "result">user &quot;shouldbe&quot; sucessfully logged in (PASSED : 0s)</div>]]>
            </line>
          </reporter-output>
        </test-method> <!-- runScenario -->
        <test-method signature="runScenario(cucumber.api.testng.PickleEventWrapper, cucumber.api.testng.CucumberFeatureWrapper)[pri:0, instance:com.qtpselenium.cucumber.MyTestNGRunner@68e965f5]" started-at="2021-02-03T14:17:53 IST" name="runScenario" description="Runs Cucumber Scenarios" data-provider="scenarios" finished-at="2021-02-03T14:17:53 IST" duration-ms="21" status="PASS">
          <params>
            <param index="0">
              <value>
                <![CDATA["In order to login into facebook"]]>
              </value>
            </param>
            <param index="1">
              <value>
                <![CDATA["Login feature"]]>
              </value>
            </param>
          </params>
          <reporter-output>
            <line>
              <![CDATA[<div "result">user navigates to facebook website (PASSED : 0s)</div>]]>
            </line>
            <line>
              <![CDATA[<div "result">user validates the homepage title (PASSED : 0s)</div>]]>
            </line>
            <line>
              <![CDATA[<div "result">user entered the &quot;invalid&quot; username and &quot;invalid&quot; password (PASSED : 0s)</div>]]>
            </line>
            <line>
              <![CDATA[<div "result">user selects age category (PASSED : 0s)</div>]]>
            </line>
            <line>
              <![CDATA[<div "result">user &quot;shouldnotbe&quot; sucessfully logged in (PASSED : 0s)</div>]]>
            </line>
          </reporter-output>
        </test-method> <!-- runScenario -->
        <test-method signature="runScenario(cucumber.api.testng.PickleEventWrapper, cucumber.api.testng.CucumberFeatureWrapper)[pri:0, instance:com.qtpselenium.cucumber.MyTestNGRunner@68e965f5]" started-at="2021-02-03T14:17:53 IST" name="runScenario" description="Runs Cucumber Scenarios" data-provider="scenarios" finished-at="2021-02-03T14:17:53 IST" duration-ms="13" status="PASS">
          <params>
            <param index="0">
              <value>
                <![CDATA["In order to login into facebook"]]>
              </value>
            </param>
            <param index="1">
              <value>
                <![CDATA["Login feature"]]>
              </value>
            </param>
          </params>
          <reporter-output>
            <line>
              <![CDATA[<div "result">user navigates to facebook website (PASSED : 0s)</div>]]>
            </line>
            <line>
              <![CDATA[<div "result">user validates the homepage title (PASSED : 0s)</div>]]>
            </line>
            <line>
              <![CDATA[<div "result">user entered the &quot;valid&quot; username and &quot;valid&quot; password (PASSED : 0s)</div>]]>
            </line>
            <line>
              <![CDATA[<div "result">user validates the capcha image (PASSED : 0s)</div>]]>
            </line>
            <line>
              <![CDATA[<div "result">user &quot;shouldbe&quot; sucessfully logged in (PASSED : 0s)</div>]]>
            </line>
          </reporter-output>
        </test-method> <!-- runScenario -->
        <test-method signature="runScenario(cucumber.api.testng.PickleEventWrapper, cucumber.api.testng.CucumberFeatureWrapper)[pri:0, instance:com.qtpselenium.cucumber.MyTestNGRunner@68e965f5]" started-at="2021-02-03T14:17:53 IST" name="runScenario" description="Runs Cucumber Scenarios" data-provider="scenarios" finished-at="2021-02-03T14:17:53 IST" duration-ms="13" status="PASS">
          <params>
            <param index="0">
              <value>
                <![CDATA["In order to login into facebook"]]>
              </value>
            </param>
            <param index="1">
              <value>
                <![CDATA["Login feature"]]>
              </value>
            </param>
          </params>
          <reporter-output>
            <line>
              <![CDATA[<div "result">user navigates to facebook website (PASSED : 0s)</div>]]>
            </line>
            <line>
              <![CDATA[<div "result">user validates the homepage title (PASSED : 0s)</div>]]>
            </line>
            <line>
              <![CDATA[<div "result">user entered the &quot;invalid&quot; username and &quot;invalid&quot; password (PASSED : 0s)</div>]]>
            </line>
            <line>
              <![CDATA[<div "result">user validates the capcha image (PASSED : 0s)</div>]]>
            </line>
            <line>
              <![CDATA[<div "result">user &quot;shouldnotbe&quot; sucessfully logged in (PASSED : 0s)</div>]]>
            </line>
          </reporter-output>
        </test-method> <!-- runScenario -->
        <test-method is-config="true" signature="tearDownClass()[pri:0, instance:com.qtpselenium.cucumber.MyTestNGRunner@68e965f5]" started-at="2021-02-03T14:17:53 IST" name="tearDownClass" finished-at="2021-02-03T14:17:53 IST" duration-ms="7" status="PASS">
          <reporter-output>
          </reporter-output>
        </test-method> <!-- tearDownClass -->
      </class> <!-- com.qtpselenium.cucumber.MyTestNGRunner -->
    </test> <!-- Default test -->
  </suite> <!-- Default suite -->
</testng-results>
