<?xml version="1.0" encoding="UTF-8"?>
<testsuite xmlns:xsi="http://www.w3.org/2001/XMLSchema-instance" xsi:noNamespaceSchemaLocation="https://maven.apache.org/surefire/maven-surefire-plugin/xsd/surefire-test-report-3.0.xsd" version="3.0" name="TestSuite" time="4.663" tests="4" errors="0" skipped="0" failures="4">
  <properties>
[...]
</properties>
  <testcase name="runScenario" classname="com.qtpselenium.cucumber.MyTestNGRunner" time="0.186">
    <failure type="java.lang.AssertionError">java.lang.AssertionError
</failure>
    <system-out><![CDATA[Launch a broweser
quitting the browser
]]></system-out>
    <system-err><![CDATA[Feb 11, 2021 11:46:48 PM io.cucumber.testng.TestNGCucumberRunner <init>
WARNING: By default Cucumber is running in --non-strict mode.
This default will change to --strict and --non-strict will be removed.
You can use --strict or @CucumberOptions(strict = true) to suppress this warning
]]></system-err>
  </testcase>
  <testcase name="runScenario" classname="com.qtpselenium.cucumber.MyTestNGRunner" time="0.002">
    <failure type="java.lang.AssertionError">java.lang.AssertionError
</failure>
    <system-out><![CDATA[Launch a broweser
quitting the browser
]]></system-out>
  </testcase>
  <testcase name="runScenario" classname="com.qtpselenium.cucumber.MyTestNGRunner" time="0.005">
    <failure type="java.lang.AssertionError">java.lang.AssertionError
</failure>
    <system-out><![CDATA[Launch a broweser
Launch a broweser for functional scenario only
quitting the browser for functional scenario only
quitting the browser
]]></system-out>
  </testcase>
  <testcase name="runScenario" classname="com.qtpselenium.cucumber.MyTestNGRunner" time="0.003">
    <failure type="java.lang.AssertionError">java.lang.AssertionError
</failure>
    <system-out><![CDATA[Launch a broweser
Launch a broweser for functional scenario only
quitting the browser for functional scenario only
quitting the browser
]]></system-out>
  </testcase>
</testsuite>